PRT1
37
82
4 0 3 (-7712 3072 1760 ) (-8128 3072 1760 ) (-8128 3072 32 ) (-7712 3072 32 ) 
4 0 1 (-8128 3296 1760 ) (-8128 3296 832 ) (-8128 3072 832 ) (-8128 3072 1760 ) 
4 0 2 (-8128 3296 768 ) (-8128 3296 32 ) (-8128 3072 32 ) (-8128 3072 768 ) 
4 1 10 (-8192 3072 832 ) (-8192 3072 1760 ) (-8192 3296 1760 ) (-8192 3296 832 ) 
4 1 4 (-8128 3072 1760 ) (-8192 3072 1760 ) (-8192 3072 832 ) (-8128 3072 832 ) 
4 2 12 (-8192 3072 32 ) (-8192 3072 768 ) (-8192 3296 768 ) (-8192 3296 32 ) 
4 2 5 (-8192 3072 768 ) (-8192 3072 32 ) (-8128 3072 32 ) (-8128 3072 768 ) 
4 3 6 (-7712 2048 1760 ) (-8128 2048 1760 ) (-8128 2048 32 ) (-7712 2048 32 ) 
4 3 4 (-8128 2048 832 ) (-8128 2048 1760 ) (-8128 3072 1760 ) (-8128 3072 832 ) 
4 3 5 (-8128 3072 32 ) (-8128 2048 32 ) (-8128 2048 768 ) (-8128 3072 768 ) 
4 4 16 (-8192 2048 832 ) (-8192 2048 1760 ) (-8192 3072 1760 ) (-8192 3072 832 ) 
4 4 7 (-8128 2048 1760 ) (-8192 2048 1760 ) (-8192 2048 832 ) (-8128 2048 832 ) 
4 5 18 (-8192 2048 32 ) (-8192 2048 768 ) (-8192 3072 768 ) (-8192 3072 32 ) 
4 5 8 (-8192 2048 768 ) (-8192 2048 32 ) (-8128 2048 32 ) (-8128 2048 768 ) 
4 6 31 (-7712 1024 1760 ) (-8128 1024 1760 ) (-8128 1024 32 ) (-7712 1024 32 ) 
4 6 7 (-8128 1594.670166 832 ) (-8128 1594.670166 1760 ) (-8128 2048 1760 ) (-8128 2048 832 ) 
4 6 8 (-8128 2048 32 ) (-8128 1594.670166 32 ) (-8128 1594.670166 768 ) (-8128 2048 768 ) 
4 6 9 (-8128 1594.670166 32 ) (-8128 1024 32 ) (-8128 1024 1760 ) (-8128 1594.670166 1760 ) 
4 7 22 (-8192 1594.670166 1760 ) (-8192 2048 1760 ) (-8192 2048 832 ) (-8192 1594.670166 832 ) 
4 7 9 (-8128 1594.670166 832 ) (-8128 1594.670166 1760 ) (-8192 1594.670166 1760 ) (-8192 1594.670166 832 ) 
4 8 26 (-8192 2048 768 ) (-8192 2048 32 ) (-8192 1594.670166 32 ) (-8192 1594.670166 768 ) 
4 8 9 (-8192 1594.670166 32 ) (-8128 1594.670166 32 ) (-8128 1594.670166 768 ) (-8192 1594.670166 768 ) 
4 9 31 (-8128 1024 1760 ) (-8192 1024 1760 ) (-8192 1024 32 ) (-8128 1024 32 ) 
4 9 26 (-8192 1024 32 ) (-8192 1024 768 ) (-8192 1594.670166 768 ) (-8192 1594.670166 32 ) 
4 9 23 (-8192 1024 768 ) (-8192 1024 832 ) (-8192 1594.670166 832 ) (-8192 1594.670166 768 ) 
4 9 22 (-8192 1024 832 ) (-8192 1024 1760 ) (-8192 1594.670166 1760 ) (-8192 1594.670166 832 ) 
4 10 16 (-8192 3072 832 ) (-8192 3072 1760 ) (-9216 3072 1760 ) (-9216 3072 832 ) 
4 10 13 (-9216 3072 832 ) (-9216 3072 1760 ) (-9216 3296 1760 ) (-9216 3296 832 ) 
4 10 11 (-8898 3296 832 ) (-8640 3296 832 ) (-8640 3072 832 ) (-8898 3072 832 ) 
4 11 17 (-8640 3072 832 ) (-8898 3072 832 ) (-8898 3072 768 ) (-8640 3072 768 ) 
4 11 12 (-8640 3072 768 ) (-8898 3072 768 ) (-8898 3296 768 ) (-8640 3296 768 ) 
4 12 18 (-8192 3072 32 ) (-8192 3072 768 ) (-9216 3072 768 ) (-9216 3072 32 ) 
4 12 14 (-9216 3072 32 ) (-9216 3072 768 ) (-9216 3296 768 ) (-9216 3296 32 ) 
4 13 19 (-9216 3072 832 ) (-9216 3072 1760 ) (-9410 3072 1760 ) (-9410 3072 832 ) 
4 13 15 (-9410 3296 1760 ) (-9410 3296 832 ) (-9410 3072 832 ) (-9410 3072 1760 ) 
4 14 20 (-9216 3072 32 ) (-9216 3072 768 ) (-9410 3072 768 ) (-9410 3072 32 ) 
4 14 15 (-9410 3296 768 ) (-9410 3296 32 ) (-9410 3072 32 ) (-9410 3072 768 ) 
4 15 21 (-9410 3072 1760 ) (-10208 3072 1760 ) (-10208 3072 32 ) (-9410 3072 32 ) 
4 16 22 (-8192 2048 832 ) (-8192 2048 1760 ) (-9216 2048 1760 ) (-9216 2048 832 ) 
4 16 19 (-9216 3072 1760 ) (-9216 3072 832 ) (-9216 2048 832 ) (-9216 2048 1760 ) 
4 16 17 (-8898 3072 832 ) (-8640 3072 832 ) (-8640 2048 832 ) (-8898 2048 832 ) 
4 17 24 (-8640 2048 832 ) (-8898 2048 832 ) (-8898 2048 768 ) (-8640 2048 768 ) 
4 17 18 (-8640 2048 768 ) (-8898 2048 768 ) (-8898 3072 768 ) (-8640 3072 768 ) 
4 18 26 (-8192 2048 32 ) (-8192 2048 768 ) (-9216 2048 768 ) (-9216 2048 32 ) 
4 18 20 (-9216 3072 768 ) (-9216 3072 32 ) (-9216 2048 32 ) (-9216 2048 768 ) 
4 19 27 (-9216 2048 832 ) (-9216 2048 1760 ) (-9410 2048 1760 ) (-9410 2048 832 ) 
4 19 21 (-9410 2048 832 ) (-9410 2048 1760 ) (-9410 3072 1760 ) (-9410 3072 832 ) 
4 20 28 (-9216 2048 32 ) (-9216 2048 768 ) (-9410 2048 768 ) (-9410 2048 32 ) 
4 20 21 (-9410 3072 32 ) (-9410 2048 32 ) (-9410 2048 768 ) (-9410 3072 768 ) 
4 21 30 (-9410 2048 1760 ) (-10208 2048 1760 ) (-10208 2048 32 ) (-9410 2048 32 ) 
4 22 33 (-8192 1024 832 ) (-8192 1024 1760 ) (-9216 1024 1760 ) (-9216 1024 832 ) 
4 22 27 (-9216 2048 1760 ) (-9216 2048 832 ) (-9216 1536 832 ) (-9216 1536 1760 ) 
4 22 29 (-9216 1536 832 ) (-9216 1024 832 ) (-9216 1024 1760 ) (-9216 1536 1760 ) 
4 22 25 (-8898 1024 832 ) (-9216 1024 832 ) (-9216 1536 832 ) (-8898 1536 832 ) 
4 22 23 (-8192 1024 832 ) (-8640 1024 832 ) (-8640 1594.670166 832 ) (-8192 1594.670166 832 ) 
4 22 24 (-8640 1024 832 ) (-8898 1024 832 ) (-8898 2048 832 ) (-8640 2048 832 ) 
4 23 33 (-8192 1024 768 ) (-8192 1024 832 ) (-8640 1024 832 ) (-8640 1024 768 ) 
4 23 26 (-8192 1594.670166 768 ) (-8192 1024 768 ) (-8640 1024 768 ) (-8640 1594.670166 768 ) 
4 23 24 (-8640 1594.670166 768 ) (-8640 1024 768 ) (-8640 1024 832 ) (-8640 1594.670166 832 ) 
4 24 33 (-8640 1024 832 ) (-8898 1024 832 ) (-8898 1024 768 ) (-8640 1024 768 ) 
4 24 26 (-8898 2048 768 ) (-8640 2048 768 ) (-8640 1024 768 ) (-8898 1024 768 ) 
4 24 25 (-8898 1536 768 ) (-8898 1024 768 ) (-8898 1024 832 ) (-8898 1536 832 ) 
4 25 33 (-8898 1024 832 ) (-9216 1024 832 ) (-9216 1024 768 ) (-8898 1024 768 ) 
4 25 29 (-9216 1536 768 ) (-9216 1024 768 ) (-9216 1024 832 ) (-9216 1536 832 ) 
4 25 26 (-8898 1536 768 ) (-8898 1024 768 ) (-9216 1024 768 ) (-9216 1536 768 ) 
4 26 33 (-8192 1024 32 ) (-8192 1024 768 ) (-9216 1024 768 ) (-9216 1024 32 ) 
4 26 28 (-9216 2048 768 ) (-9216 2048 32 ) (-9216 1536 32 ) (-9216 1536 768 ) 
4 26 29 (-9216 1536 32 ) (-9216 1024 32 ) (-9216 1024 768 ) (-9216 1536 768 ) 
4 27 30 (-9410 1536 832 ) (-9410 1536 1760 ) (-9410 2048 1760 ) (-9410 2048 832 ) 
4 27 29 (-9410 1536 1760 ) (-9410 1536 832 ) (-9216 1536 832 ) (-9216 1536 1760 ) 
4 28 29 (-9410 1536 768 ) (-9410 1536 32 ) (-9216 1536 32 ) (-9216 1536 768 ) 
4 28 30 (-9410 2048 32 ) (-9410 1536 32 ) (-9410 1536 768 ) (-9410 2048 768 ) 
4 29 34 (-9216 1024 32 ) (-9216 1024 1760 ) (-9410 1024 1760 ) (-9410 1024 32 ) 
4 29 30 (-9410 1536 32 ) (-9410 1024 32 ) (-9410 1024 1760 ) (-9410 1536 1760 ) 
4 30 34 (-9410 1024 1760 ) (-10208 1024 1760 ) (-10208 1024 32 ) (-9410 1024 32 ) 
4 31 33 (-8192 1024 1760 ) (-8192 1024 32 ) (-8192 0 32 ) (-8192 0 1760 ) 
4 31 32 (-7712 0 1760 ) (-8192 0 1760 ) (-8192 0 32 ) (-7712 0 32 ) 
4 32 35 (-8192 -373 1760 ) (-8192 0 1760 ) (-8192 0 32 ) (-8192 -373 32 ) 
4 33 35 (-8192 0 32 ) (-8192 0 1760 ) (-9216 0 1760 ) (-9216 0 32 ) 
4 33 34 (-9216 1024 1760 ) (-9216 1024 32 ) (-9216 0 32 ) (-9216 0 1760 ) 
4 34 36 (-9216 0 32 ) (-9216 0 1760 ) (-10208 0 1760 ) (-10208 0 32 ) 
4 35 36 (-9216 0 1760 ) (-9216 0 32 ) (-9216 -373 32 ) (-9216 -373 1760 ) 
